<?xml version="1.0" encoding="UTF-8"?>
<!-- Generated by org.testng.reporters.JUnitReportReporter -->
<testsuite skipped="0" hostname="LAPTOP-GS81LANU" name="SearchTestPkg.TestSearch" tests="5" failures="0" timestamp="18 Sep 2019 22:52:35 GMT" time="2.063" errors="0">
  <testcase name="test_searchboxdisplayed" time="0.992" classname="SearchTestPkg.TestSearch"/>
  <testcase name="test_placeholder" time="0.044" classname="SearchTestPkg.TestSearch"/>
  <testcase name="test_KeywordSearch" time="0.584" classname="SearchTestPkg.TestSearch"/>
  <testcase name="test_cancelbuttonvisibility" time="0.277" classname="SearchTestPkg.TestSearch"/>
  <testcase name="test_searchbutton" time="0.166" classname="SearchTestPkg.TestSearch"/>
</testsuite> <!-- SearchTestPkg.TestSearch -->
