<?xml version="1.0" encoding="UTF-8"?>
<!-- Generated by org.testng.reporters.JUnitReportReporter -->
<testsuite skipped="0" hostname="LAPTOP-GS81LANU" name="SearchTestPkg.TestSearch1" tests="1" failures="0" timestamp="18 Sep 2019 18:18:26 GMT" time="15.253" errors="0">
  <testcase name="testKeywordSearch" time="15.253" classname="SearchTestPkg.TestSearch1"/>
</testsuite> <!-- SearchTestPkg.TestSearch1 -->
