<?xml version="1.0" encoding="UTF-8"?>
<!-- Generated by org.testng.reporters.JUnitReportReporter -->
<testsuite skipped="0" hostname="LAPTOP-GS81LANU" name="SearchTestPkg.TestSearchlist" tests="2" failures="0" timestamp="19 Sep 2019 17:14:35 GMT" time="10.989" errors="0">
  <testcase name="test_searchkeywordCount" time="4.314" classname="SearchTestPkg.TestSearchlist"/>
  <testcase name="test_searchlist" time="6.675" classname="SearchTestPkg.TestSearchlist"/>
</testsuite> <!-- SearchTestPkg.TestSearchlist -->
