<?xml version="1.0" encoding="UTF-8"?>
<!-- Generated by org.testng.reporters.JUnitReportReporter -->
<testsuite skipped="0" hostname="LAPTOP-GS81LANU" name="SearchTestPkg.TestCancelBtnFunc" tests="1" failures="0" timestamp="19 Sep 2019 17:14:35 GMT" time="0.783" errors="0">
  <testcase name="test_cancelsearch" time="0.783" classname="SearchTestPkg.TestCancelBtnFunc"/>
</testsuite> <!-- SearchTestPkg.TestCancelBtnFunc -->
