<?xml version="1.0" encoding="UTF-8"?>
<!-- Generated by org.testng.reporters.JUnitReportReporter -->
<testsuite skipped="0" hostname="LAPTOP-GS81LANU" name="SearchTestPkg.TestUI" tests="5" failures="0" timestamp="19 Sep 2019 17:14:35 GMT" time="2.233" errors="0">
  <testcase name="test_KeywordSearch" time="1.726" classname="SearchTestPkg.TestUI"/>
  <testcase name="test_cancelbuttonvisibility" time="0.253" classname="SearchTestPkg.TestUI"/>
  <testcase name="test_searchboxdisplayed" time="0.040" classname="SearchTestPkg.TestUI"/>
  <testcase name="test_searchbutton" time="0.179" classname="SearchTestPkg.TestUI"/>
  <testcase name="test_placeholder" time="0.035" classname="SearchTestPkg.TestUI"/>
</testsuite> <!-- SearchTestPkg.TestUI -->
